#
# A fatal error has been detected by the Java Runtime Environment:
#
#  EXCEPTION_ACCESS_VIOLATION (0xc0000005) at pc=0x000000006ba9a0a5, pid=27424, tid=0x0000000000006890
#
# JRE version: Java(TM) SE Runtime Environment (8.0_101-b13) (build 1.8.0_101-b13)
# Java VM: Java HotSpot(TM) 64-Bit Server VM (25.101-b13 mixed mode windows-amd64 compressed oops)
# Problematic frame:
# V  [jvm.dll+0x12a0a5]
#
# Failed to write core dump. Minidumps are not enabled by default on client versions of Windows
#
# If you would like to submit a bug report, please visit:
#   http://bugreport.java.com/bugreport/crash.jsp
#

---------------  T H R E A D  ---------------

Current thread (0x000000000714b800):  JavaThread "JDWP Transport Listener: dt_socket" daemon [_thread_in_vm, id=26768, stack(0x0000000007af0000,0x0000000007bf0000)]

siginfo: ExceptionCode=0xc0000005, reading address 0x0000000000003b72

Registers:
RAX=0x0000000007bef101, RBX=0x000000000714b800, RCX=0x0000000000003b72, RDX=0x0000000000000000
RSP=0x0000000007bef180, RBP=0x0000000000003b72, RSI=0x0000000007bef298, RDI=0x00000000025493f0
R8 =0x000000000714b800, R9 =0x617465b20025001a, R10=0x0000000000000000, R11=0x0000000007191ded
R12=0x0000000000000000, R13=0x00000000071614e8, R14=0x0000000000000000, R15=0x0000000000000000
RIP=0x000000006ba9a0a5, EFLAGS=0x0000000000010206

Top of Stack: (sp=0x0000000007bef180)
0x0000000007bef180:   000000000714b800 000000000714b800
0x0000000007bef190:   0000000007bef248 000000006bca2f0b
0x0000000007bef1a0:   000000000714b800 000000006bcbf76d
0x0000000007bef1b0:   0000000000000000 000000006b7e9155
0x0000000007bef1c0:   0000000007234f90 000000006b7f291e
0x0000000007bef1d0:   000000000714b800 0000000000000000
0x0000000007bef1e0:   0000000000000000 0000000000000000
0x0000000007bef1f0:   0000000000003b72 000000006b7f1a15
0x0000000007bef200:   0000000007bef298 0000000007bef270
0x0000000007bef210:   0000000000000001 0000000007234f90
0x0000000007bef220:   0000000000003b72 000000006b7d53b3
0x0000000007bef230:   0000000007bef360 0000000000000001
0x0000000007bef240:   0000000000000001 0000000007234f90
0x0000000007bef250:   000000000000000a 0000000000000000
0x0000000007bef260:   0000000000000000 0000000000000000
0x0000000007bef270:   0000000000000001 000000006b7d5571 

Instructions: (pc=0x000000006ba9a0a5)
0x000000006ba9a085:   cc cc cc cc cc cc cc cc cc cc cc 48 83 ec 28 48
0x000000006ba9a095:   85 c9 75 07 33 c0 48 83 c4 28 c3 48 89 5c 24 20
0x000000006ba9a0a5:   48 8b 19 48 85 db 74 20 48 83 fb 37 74 1a 48 8b
0x000000006ba9a0b5:   13 48 8b cb ff 52 10 84 c0 74 0d 48 8b c3 48 8b 


Register to memory mapping:

RAX=0x0000000007bef101 is pointing into the stack for thread: 0x000000000714b800
RBX=0x000000000714b800 is a thread
RCX=0x0000000000003b72 is an unknown value
RDX=0x0000000000000000 is an unknown value
RSP=0x0000000007bef180 is pointing into the stack for thread: 0x000000000714b800
RBP=0x0000000000003b72 is an unknown value
RSI=0x0000000007bef298 is pointing into the stack for thread: 0x000000000714b800
RDI=0x00000000025493f0 is an unknown value
R8 =0x000000000714b800 is a thread
R9 =0x617465b20025001a is an unknown value
R10=0x0000000000000000 is an unknown value
R11=0x0000000007191ded is an unknown value
R12=0x0000000000000000 is an unknown value
R13=0x00000000071614e8 is an unknown value
R14=0x0000000000000000 is an unknown value
R15=0x0000000000000000 is an unknown value


Stack: [0x0000000007af0000,0x0000000007bf0000],  sp=0x0000000007bef180,  free space=1020k
Native frames: (J=compiled Java code, j=interpreted, Vv=VM code, C=native code)
V  [jvm.dll+0x12a0a5]
V  [jvm.dll+0x34f76d]
C  [jdwp.dll+0x21a15]
C  [jdwp.dll+0x53b3]
C  [jdwp.dll+0x5571]
C  [jdwp.dll+0xf0a8]
C  [jdwp.dll+0x1f2d5]
C  [jdwp.dll+0x1f4aa]
V  [jvm.dll+0x1bd258]
V  [jvm.dll+0x2451a4]
V  [jvm.dll+0x29c18a]
C  [msvcr100.dll+0x21d9f]
C  [msvcr100.dll+0x21e3b]
C  [kernel32.dll+0x1652d]
C  [ntdll.dll+0x2c541]


---------------  P R O C E S S  ---------------

Java Threads: ( => current thread )
  0x0000000007206800 JavaThread "Service Thread" daemon [_thread_blocked, id=21020, stack(0x0000000008300000,0x0000000008400000)]
  0x0000000007180000 JavaThread "C1 CompilerThread2" daemon [_thread_blocked, id=27108, stack(0x0000000008200000,0x0000000008300000)]
  0x000000000717c800 JavaThread "C2 CompilerThread1" daemon [_thread_blocked, id=26984, stack(0x0000000008000000,0x0000000008100000)]
  0x000000000717a000 JavaThread "C2 CompilerThread0" daemon [_thread_blocked, id=26112, stack(0x0000000007cd0000,0x0000000007dd0000)]
  0x000000000716b800 JavaThread "JDWP Command Reader" daemon [_thread_in_native, id=25304, stack(0x0000000007ee0000,0x0000000007fe0000)]
  0x0000000007167000 JavaThread "JDWP Event Helper Thread" daemon [_thread_blocked, id=17000, stack(0x0000000006ee0000,0x0000000006fe0000)]
=>0x000000000714b800 JavaThread "JDWP Transport Listener: dt_socket" daemon [_thread_in_vm, id=26768, stack(0x0000000007af0000,0x0000000007bf0000)]
  0x0000000007148800 JavaThread "Attach Listener" daemon [_thread_blocked, id=15528, stack(0x0000000007830000,0x0000000007930000)]
  0x0000000005c4e800 JavaThread "Signal Dispatcher" daemon [_thread_blocked, id=25012, stack(0x00000000075b0000,0x00000000076b0000)]
  0x0000000005c2a000 JavaThread "Finalizer" daemon [_thread_blocked, id=26144, stack(0x0000000007040000,0x0000000007140000)]
  0x0000000005be3000 JavaThread "Reference Handler" daemon [_thread_blocked, id=27136, stack(0x0000000006c90000,0x0000000006d90000)]
  0x00000000023d8000 JavaThread "main" [_thread_blocked, id=27360, stack(0x0000000002610000,0x0000000002710000)]

Other Threads:
  0x0000000005bdb800 VMThread [stack: 0x0000000006de0000,0x0000000006ee0000] [id=24844]
  0x0000000007236800 WatcherThread [stack: 0x0000000008500000,0x0000000008600000] [id=27268]

VM state:not at safepoint (normal execution)

VM Mutex/Monitor currently owned by a thread: None

Heap:
 PSYoungGen      total 17408K, used 1843K [0x00000000ecd80000, 0x00000000ee080000, 0x0000000100000000)
  eden space 15360K, 12% used [0x00000000ecd80000,0x00000000ecf4cf38,0x00000000edc80000)
  from space 2048K, 0% used [0x00000000ede80000,0x00000000ede80000,0x00000000ee080000)
  to   space 2048K, 0% used [0x00000000edc80000,0x00000000edc80000,0x00000000ede80000)
 ParOldGen       total 39936K, used 0K [0x00000000c6800000, 0x00000000c8f00000, 0x00000000ecd80000)
  object space 39936K, 0% used [0x00000000c6800000,0x00000000c6800000,0x00000000c8f00000)
 Metaspace       used 3617K, capacity 4678K, committed 4864K, reserved 1056768K
  class space    used 405K, capacity 430K, committed 512K, reserved 1048576K

Card table byte_map: [0x0000000002b60000,0x0000000002d30000] byte_map_base: 0x000000000252c000

Marking Bits: (ParMarkBitMap*) 0x000000006c18a6d0
 Begin Bits: [0x0000000003590000, 0x00000000043f0000)
 End Bits:   [0x00000000043f0000, 0x0000000005250000)

Polling page: 0x00000000000b0000

CodeCache: size=245760Kb used=1196Kb max_used=1196Kb free=244563Kb
 bounds [0x000000000f010000, 0x000000000f280000, 0x000000001e010000]
 total_blobs=313 nmethods=76 adapters=158
 compilation: enabled

Compilation events (10 events):
Event: 0.284 Thread 0x0000000007180000   71       3       java.util.regex.ASCII::isAscii (13 bytes)
Event: 0.284 Thread 0x0000000007180000 nmethod 71 0x000000000f13a390 code [0x000000000f13a4e0, 0x000000000f13a670]
Event: 0.284 Thread 0x0000000007180000   73       3       java.lang.Character::isBmpCodePoint (13 bytes)
Event: 0.284 Thread 0x0000000007180000 nmethod 73 0x000000000f13a6d0 code [0x000000000f13a820, 0x000000000f13a9b0]
Event: 0.284 Thread 0x0000000007180000   74       3       java.util.regex.Pattern::next (33 bytes)
Event: 0.284 Thread 0x0000000007180000 nmethod 74 0x000000000f13aa10 code [0x000000000f13ab80, 0x000000000f13ae68]
Event: 0.284 Thread 0x0000000007180000   75       1       java.util.regex.Pattern::flags (5 bytes)
Event: 0.284 Thread 0x0000000007180000 nmethod 75 0x000000000f13af90 code [0x000000000f13b0e0, 0x000000000f13b1f0]
Event: 1.453 Thread 0x0000000007180000   76       1       java.nio.Buffer::limit (5 bytes)
Event: 1.453 Thread 0x0000000007180000 nmethod 76 0x000000000f13b250 code [0x000000000f13b3a0, 0x000000000f13b4b0]

GC Heap History (0 events):
No events

Deoptimization events (0 events):
No events

Internal exceptions (6 events):
Event: 0.042 Thread 0x00000000023d8000 Exception <a 'java/lang/NoSuchMethodError': Method sun.misc.Unsafe.defineClass(Ljava/lang/String;[BII)Ljava/lang/Class; name or signature does not match> (0x00000000ecd87cc0) thrown at [C:\re\workspace\8-2-build-windows-amd64-cygwin\jdk8u101\7261\hotspot\sI„…|4 ¥?
Event: 0.042 Thread 0x00000000023d8000 Exception <a 'java/lang/NoSuchMethodError': Method sun.misc.Unsafe.prefetchRead(Ljava/lang/Object;J)V name or signature does not match> (0x00000000ecd87fa8) thrown at [C:\re\workspace\8-2-build-windows-amd64-cygwin\jdk8u101\7261\hotspot\src\share\vm\prims\)®iÄ¯Ð?
Event: 0.261 Thread 0x00000000023d8000 Exception <a 'java/security/PrivilegedActionException'> (0x00000000ece63620) thrown at [C:\re\workspace\8-2-build-windows-amd64-cygwin\jdk8u101\7261\hotspot\src\share\vm\prims\jvm.cpp, line 1386]
Event: 0.261 Thread 0x00000000023d8000 Exception <a 'java/security/PrivilegedActionException'> (0x00000000ece63a18) thrown at [C:\re\workspace\8-2-build-windows-amd64-cygwin\jdk8u101\7261\hotspot\src\share\vm\prims\jvm.cpp, line 1386]
Event: 0.263 Thread 0x00000000023d8000 Exception <a 'java/security/PrivilegedActionException'> (0x00000000ecf014d8) thrown at [C:\re\workspace\8-2-build-windows-amd64-cygwin\jdk8u101\7261\hotspot\src\share\vm\prims\jvm.cpp, line 1386]
Event: 0.263 Thread 0x00000000023d8000 Exception <a 'java/security/PrivilegedActionException'> (0x00000000ecf018d0) thrown at [C:\re\workspace\8-2-build-windows-amd64-cygwin\jdk8u101\7261\hotspot\src\share\vm\prims\jvm.cpp, line 1386]

Events (10 events):
Event: 304.200 Executing VM operation: GetCurrentLocation
Event: 304.200 Executing VM operation: GetCurrentLocation done
Event: 304.200 Executing VM operation: EnterInterpOnlyMode
Event: 304.200 Executing VM operation: EnterInterpOnlyMode done
Event: 304.200 Executing VM operation: ChangeSingleStep
Event: 304.200 Executing VM operation: ChangeSingleStep done
Event: 304.200 Executing VM operation: ChangeSingleStep
Event: 304.200 Executing VM operation: ChangeSingleStep done
Event: 304.204 Executing VM operation: RedefineClasses
Event: 304.204 Executing VM operation: RedefineClasses done


Dynamic libraries:
0x000000013fcd0000 - 0x000000013fd07000 	C:\Program Files\Java\jdk1.8.0_101\bin\javaw.exe
0x0000000076e20000 - 0x0000000076fc9000 	C:\Windows\SYSTEM32\ntdll.dll
0x0000000076ba0000 - 0x0000000076cbf000 	C:\Windows\system32\kernel32.dll
0x000007fefd330000 - 0x000007fefd39b000 	C:\Windows\system32\KERNELBASE.dll
0x000007fefead0000 - 0x000007fefebab000 	C:\Windows\system32\ADVAPI32.dll
0x000007fefea30000 - 0x000007fefeacf000 	C:\Windows\system32\msvcrt.dll
0x000007fefee50000 - 0x000007fefee6f000 	C:\Windows\SYSTEM32\sechost.dll
0x000007fefd950000 - 0x000007fefda7d000 	C:\Windows\system32\RPCRT4.dll
0x0000000076aa0000 - 0x0000000076b9a000 	C:\Windows\system32\USER32.dll
0x000007fefeca0000 - 0x000007fefed07000 	C:\Windows\system32\GDI32.dll
0x000007fefea20000 - 0x000007fefea2e000 	C:\Windows\system32\LPK.dll
0x000007fefd880000 - 0x000007fefd949000 	C:\Windows\system32\USP10.dll
0x000007fefc340000 - 0x000007fefc534000 	C:\Windows\WinSxS\amd64_microsoft.windows.common-controls_6595b64144ccf1df_6.0.7601.17514_none_fa396087175ac9ac\COMCTL32.dll
0x000007fefed10000 - 0x000007fefed81000 	C:\Windows\system32\SHLWAPI.dll
0x000007fefee20000 - 0x000007fefee4e000 	C:\Windows\system32\IMM32.DLL
0x000007fefd6f0000 - 0x000007fefd7f9000 	C:\Windows\system32\MSCTF.dll
0x000007fefd240000 - 0x000007fefd271000 	C:\Windows\system32\nvinitx.dll
0x000000000f000000 - 0x000000000f006000 	C:\Program Files\NVIDIA Corporation\CoProcManager\detoured.dll
0x000007fef91d0000 - 0x000007fef9202000 	C:\Program Files\NVIDIA Corporation\CoProcManager\nvd3d9wrapx.dll
0x000007fefef50000 - 0x000007feff127000 	C:\Windows\system32\SETUPAPI.dll
0x000007fefd480000 - 0x000007fefd4b6000 	C:\Windows\system32\CFGMGR32.dll
0x000007fefee70000 - 0x000007fefef47000 	C:\Windows\system32\OLEAUT32.dll
0x000007fefe810000 - 0x000007fefea13000 	C:\Windows\system32\ole32.dll
0x000007fefd4c0000 - 0x000007fefd4da000 	C:\Windows\system32\DEVOBJ.dll
0x000007fef91a0000 - 0x000007fef91c2000 	C:\Program Files\NVIDIA Corporation\CoProcManager\nvdxgiwrapx.dll
0x000000006e060000 - 0x000000006e132000 	C:\Program Files\Java\jdk1.8.0_101\jre\bin\msvcr100.dll
0x000000006b970000 - 0x000000006c20a000 	C:\Program Files\Java\jdk1.8.0_101\jre\bin\server\jvm.dll
0x000007fef9b40000 - 0x000007fef9b49000 	C:\Windows\system32\WSOCK32.dll
0x000007fefebb0000 - 0x000007fefebfd000 	C:\Windows\system32\WS2_32.dll
0x000007fefed90000 - 0x000007fefed98000 	C:\Windows\system32\NSI.dll
0x000007fefbdc0000 - 0x000007fefbdfb000 	C:\Windows\system32\WINMM.dll
0x000007fefbb70000 - 0x000007fefbb7c000 	C:\Windows\system32\VERSION.dll
0x0000000076ff0000 - 0x0000000076ff7000 	C:\Windows\system32\PSAPI.DLL
0x00000000712a0000 - 0x00000000712af000 	C:\Program Files\Java\jdk1.8.0_101\jre\bin\verify.dll
0x0000000071200000 - 0x0000000071229000 	C:\Program Files\Java\jdk1.8.0_101\jre\bin\java.dll
0x000000006b7d0000 - 0x000000006b805000 	C:\Program Files\Java\jdk1.8.0_101\jre\bin\jdwp.dll
0x000000006c230000 - 0x000000006c238000 	C:\Program Files\Java\jdk1.8.0_101\jre\bin\npt.dll
0x00000000711e0000 - 0x00000000711f6000 	C:\Program Files\Java\jdk1.8.0_101\jre\bin\zip.dll
0x000007fefda80000 - 0x000007fefe808000 	C:\Windows\system32\SHELL32.dll
0x000007fefd280000 - 0x000007fefd28f000 	C:\Windows\system32\profapi.dll
0x000000006c220000 - 0x000000006c229000 	C:\Program Files\Java\jdk1.8.0_101\jre\bin\dt_socket.dll
0x000007fefb500000 - 0x000007fefb515000 	C:\Windows\system32\NLAapi.dll
0x000007fee3320000 - 0x000007fee3335000 	C:\Windows\system32\napinsp.dll
0x000007fee3300000 - 0x000007fee3319000 	C:\Windows\system32\pnrpnsp.dll
0x000007fefcab0000 - 0x000007fefcb05000 	C:\Windows\System32\mswsock.dll
0x000007fefc930000 - 0x000007fefc98b000 	C:\Windows\system32\DNSAPI.dll
0x000007feeb030000 - 0x000007feeb03b000 	C:\Windows\System32\winrnr.dll
0x000007fef9620000 - 0x000007fef9630000 	C:\Windows\system32\wshbth.dll
0x000007fefb220000 - 0x000007fefb247000 	C:\Windows\system32\IPHLPAPI.DLL
0x000007fefb210000 - 0x000007fefb21b000 	C:\Windows\system32\WINNSI.DLL
0x000007fefb0a0000 - 0x000007fefb0f3000 	C:\Windows\System32\fwpuclnt.dll
0x000007fef86e0000 - 0x000007fef86e8000 	C:\Windows\system32\rasadhlp.dll
0x000007fefbc40000 - 0x000007fefbc47000 	C:\Windows\System32\wshtcpip.dll
0x000007feee480000 - 0x000007feee5a5000 	C:\Windows\system32\dbghelp.dll

VM Arguments:
jvm_args: -agentlib:jdwp=transport=dt_socket,suspend=y,address=localhost:12874 -ea -Dfile.encoding=MS949 
java_command: Solution
java_class_path (initial): C:\Users\Administrator\git\problem_solve\problem_solve\bin
Launcher Type: SUN_STANDARD

Environment Variables:
CLASSPATH=.;C:\Program Files (x86)\Java\jre1.8.0_161\lib\ext\QTJava.zip
PATH=C:\Program Files\Java\jdk1.8.0_101\jre\bin;C:\ProgramData\Oracle\Java\javapath;C:\Program Files (x86)\Intel\iCLS Client\;C:\Program Files\Intel\iCLS Client\;C:\Program Files\Broadcom\Broadcom 802.11 Network Adapter\Driver;C:\Program Files (x86)\NVIDIA Corporation\PhysX\Common;C:\Windows\system32;C:\Windows;C:\Windows\System32\Wbem;C:\Windows\System32\WindowsPowerShell\v1.0\;C:\Program Files (x86)\Intel\OpenCL SDK\2.0\bin\x86;C:\Program Files (x86)\Intel\OpenCL SDK\2.0\bin\x64;C:\Program Files (x86)\Intel\OpenCL SDK\2.0\bin\x86;C:\Program Files (x86)\Intel\OpenCL SDK\2.0\bin\x64;C:\Program Files\Lenovo Fingerprint Reader\;C:\Program Files\Lenovo Fingerprint Reader\x86\;C:\Program Files\Intel\Intel(R) Management Engine Components\DAL;C:\Program Files\Intel\Intel(R) Management Engine Components\IPT;C:\Program Files (x86)\Intel\Intel(R) Management Engine Components\DAL;C:\Program Files (x86)\Intel\Intel(R) Management Engine Components\IPT;C:\Program Files\Lenovo\Bluetooth Software\;C:\Program Files\Lenovo\Bluetooth Software\syswow64;C:\Program Files (x86)\Microsoft SQL Server\100\Tools\Binn\;C:\Program Files\Microsoft SQL Server\100\Tools\Binn\;C:\Program Files\Microsoft SQL Server\100\DTS\Binn\;C:\opencv\build\x64\vc14\bin;D:\app\Administrator\product\11.2.0\dbhome_1\BIN;C:\Program Files (x86)\QuickTime\QTSystem\;C:\Program Files (x86)\Skype\Phone\;C:\MinGW\bin;C:\Program Files (x86)\Microsoft VS Code\bin;C:\Program Files\Microsoft SQL Server\110\Tools\Binn\;C:\Program Files (x86)\Microsoft SDKs\TypeScript\1.0\;C:\Program Files\Microsoft SQL Server\120\Tools\Binn\;C:\Program Files (x86)\Xoreax\IncrediBuild;C:\Program Files\Git\cmd;C:\Users\Administrator\AppData\Local\Programs\Python\Python35-32\Scripts\;C:\Users\Administrator\AppData\Local\Programs\Python\Python35-32\;C:\Program Files (x86)\Microsoft VS Code\bin
USERNAME=Administrator
OS=Windows_NT
PROCESSOR_IDENTIFIER=Intel64 Family 6 Model 58 Stepping 9, GenuineIntel



---------------  S Y S T E M  ---------------

OS: Windows 7 , 64 bit Build 7601 (6.1.7601.18015)

CPU:total 4 (2 cores per cpu, 2 threads per core) family 6 model 58 stepping 9, cmov, cx8, fxsr, mmx, sse, sse2, sse3, ssse3, sse4.1, sse4.2, popcnt, avx, aes, clmul, erms, ht, tsc, tscinvbit, tscinv

Memory: 4k page, physical 3760656k(834632k free), swap 7519448k(2773432k free)

vm_info: Java HotSpot(TM) 64-Bit Server VM (25.101-b13) for windows-amd64 JRE (1.8.0_101-b13), built on Jun 22 2016 01:21:29 by "java_re" with MS VC++ 10.0 (VS2010)

time: Tue Oct 09 15:42:19 2018
elapsed time: 304 seconds (0d 0h 5m 4s)

